=== MPC Algorithm Execution Log - 2025-05-02 04:39:54 ===


=========================================================开始执行MPC算法，节点数: 12, 边数: 16, 分区数: 2, 平衡因子: 0.1=========================================================
=========================================================步骤1: 读取原始RDF数据图G，将边属性保存到集合L中=========================================================
实体数量: 12谓词类型数量: 6三元组数量: 16分区大小限制 (1+ε)×|V|/k: 6
=========================================================开始执行MPC算法=========================================================
=========================================================步骤2: 计算每个属性p的弱连通组件数量WCC(G(p))及其代价=========================================================

分析谓词 1: http://dbpedia.org/ontology/starring (边数: 4)  合并: 1(http://example.org/Zayed_Khan) -> 2(http://example.org/Desi_Magic)  连通分量 1 更新大小: 2  合并: 2(http://example.org/Desi_Magic) -> 6(http://example.org/Ameesha_Patel)  连通分量 1 更新大小: 3  合并: 7(http://example.org/Kurbaan) -> 8(http://example.org/Saif_Ali_Khan)  连通分量 7 更新大小: 2  合并: 7(http://example.org/Kurbaan) -> 9(http://example.org/Kareena_Kapoor)  连通分量 7 更新大小: 3  谓词 1 的WCC数量: 2  谓词 1 的代价 (边数/WCC数): 2.00
分析谓词 2: http://dbpedia.org/ontology/birthPlace (边数: 5)  合并: 1(http://example.org/Zayed_Khan) -> 3(http://example.org/India)  连通分量 1 更新大小: 2  合并: 1(http://example.org/Zayed_Khan) -> 4(http://example.org/Maharashtra)  连通分量 1 更新大小: 3  合并: 9(http://example.org/Kareena_Kapoor) -> 3(http://example.org/India)  连通分量 9 更新大小: 4  合并: 3(http://example.org/India) -> 8(http://example.org/Saif_Ali_Khan)  连通分量 9 更新大小: 5  合并: 4(http://example.org/Maharashtra) -> 6(http://example.org/Ameesha_Patel)  连通分量 9 更新大小: 6  谓词 2 的WCC数量: 1  谓词 2 的代价 (边数/WCC数): 5.00
分析谓词 3: http://dbpedia.org/ontology/producer (边数: 1)  合并: 2(http://example.org/Desi_Magic) -> 5(http://example.org/Kuunal_Goomer)  连通分量 2 更新大小: 2  谓词 3 的WCC数量: 1  谓词 3 的代价 (边数/WCC数): 1.00
分析谓词 4: http://dbpedia.org/ontology/residence (边数: 3)  合并: 5(http://example.org/Kuunal_Goomer) -> 3(http://example.org/India)  连通分量 5 更新大小: 2  合并: 8(http://example.org/Saif_Ali_Khan) -> 4(http://example.org/Maharashtra)  连通分量 8 更新大小: 2  合并: 4(http://example.org/Maharashtra) -> 12(http://example.org/Mishti)  连通分量 8 更新大小: 3  谓词 4 的WCC数量: 2  谓词 4 的代价 (边数/WCC数): 1.50
分析谓词 5: http://dbpedia.org/ontology/foundingDate (边数: 2)  合并: 10(http://example.org/Date_1960_05_01) -> 4(http://example.org/Maharashtra)  连通分量 10 更新大小: 2  合并: 3(http://example.org/India) -> 11(http://example.org/Date_1947_08_15)  连通分量 3 更新大小: 2  谓词 5 的WCC数量: 2  谓词 5 的代价 (边数/WCC数): 1.00
分析谓词 6: http://dbpedia.org/ontology/spouse (边数: 1)  合并: 9(http://example.org/Kareena_Kapoor) -> 8(http://example.org/Saif_Ali_Khan)  连通分量 9 更新大小: 2  谓词 6 的WCC数量: 1  谓词 6 的代价 (边数/WCC数): 1.00
属性代价排序结果:  谓词 3 (http://dbpedia.org/ontology/producer): WCC=1, 代价=1.00  谓词 5 (http://dbpedia.org/ontology/foundingDate): WCC=2, 代价=1.00  谓词 6 (http://dbpedia.org/ontology/spouse): WCC=1, 代价=1.00  谓词 4 (http://dbpedia.org/ontology/residence): WCC=2, 代价=1.50  谓词 1 (http://dbpedia.org/ontology/starring): WCC=2, 代价=2.00  谓词 2 (http://dbpedia.org/ontology/birthPlace): WCC=1, 代价=5.00
=========================================================步骤3: 选择内部属性Lin，构建粗化图=========================================================

考虑谓词 3: http://dbpedia.org/ontology/producer (WCC=1, 代价=1.00)  合并块: 5 -> 2, 新大小: 2  将谓词 3 添加为内部属性
考虑谓词 5: http://dbpedia.org/ontology/foundingDate (WCC=2, 代价=1.00)  合并块: 4 -> 10, 新大小: 2  合并块: 11 -> 3, 新大小: 2  将谓词 5 添加为内部属性
考虑谓词 6: http://dbpedia.org/ontology/spouse (WCC=1, 代价=1.00)  合并块: 8 -> 9, 新大小: 2  将谓词 6 添加为内部属性
考虑谓词 4: http://dbpedia.org/ontology/residence (WCC=2, 代价=1.50)  合并块: 3 -> 2, 新大小: 4  合并块: 10 -> 9, 新大小: 4  合并块: 12 -> 9, 新大小: 5  将谓词 4 添加为内部属性
考虑谓词 1: http://dbpedia.org/ontology/starring (WCC=2, 代价=2.00)  合并块: 2 -> 1, 新大小: 5  合并块: 6 -> 1, 新大小: 6  合并块: 9 -> 7, 新大小: 6  将谓词 1 添加为内部属性
考虑谓词 2: http://dbpedia.org/ontology/birthPlace (WCC=1, 代价=5.00)  添加谓词 2 将导致块大小 12 超过限制 6，跳过
共选择了 5 个内部属性，形成了 2 个超点
超点示例:  超点 1 (根: 1, 大小: 6)    包含节点: 1(http://example.org/Zayed_Khan), 2(http://example.org/Desi_Magic), 3(http://example.org/India), 5(http://example.org/Kuunal_Goomer), 6(http://example.org/Ameesha_Patel)... 等共6个  超点 2 (根: 7, 大小: 6)    包含节点: 4(http://example.org/Maharashtra), 7(http://example.org/Kurbaan), 8(http://example.org/Saif_Ali_Khan), 9(http://example.org/Kareena_Kapoor), 10(http://example.org/Date_1960_05_01)... 等共6个
=========================================================步骤4: 对粗化图中的超点使用自顶向下分区算法=========================================================
按大小顺序分配超点:  分配超点 7 (大小: 6) 到分区 0  分区 0 新大小: 6  分配超点 1 (大小: 6) 到分区 1  分区 1 新大小: 6
分区平衡度: 1.00  分区 0: 大小 6/6  分区 1: 大小 6/6
=========================================================步骤5: 将超点集合映射回原始数据图得到最终分区=========================================================
  节点 1(http://example.org/Zayed_Khan) 映射到分区 1  节点 2(http://example.org/Desi_Magic) 映射到分区 1  节点 3(http://example.org/India) 映射到分区 1  节点 4(http://example.org/Maharashtra) 映射到分区 0  节点 5(http://example.org/Kuunal_Goomer) 映射到分区 1  节点 6(http://example.org/Ameesha_Patel) 映射到分区 1  节点 7(http://example.org/Kurbaan) 映射到分区 0  节点 8(http://example.org/Saif_Ali_Khan) 映射到分区 0  节点 9(http://example.org/Kareena_Kapoor) 映射到分区 0  节点 10(http://example.org/Date_1960_05_01) 映射到分区 0
最终分区大小:  分区 0: 6 个节点  分区 1: 6 个节点
属性切割结果:  总切割次数: 4  唯一切割属性数: 1
被切割的属性:  http://dbpedia.org/ontology/birthPlace: 4 次切割